Copyright 1986-2020 Xilinx, Inc. All Rights Reserved.
----------------------------------------------------------------------------------------------------------------
| Tool Version : Vivado v.2020.1 (lin64) Build 2902540 Wed May 27 19:54:35 MDT 2020
| Date         : Tue May 27 18:02:46 2025
| Host         : cccad4.doc.ic.ac.uk running 64-bit CentOS Linux release 7.9.2009 (Core)
| Command      : report_timing -file /mnt/ccnas2/tdp/tr720/final-year-project-workspace/vivado_synth_timing.rpt
| Design       : calculate_value
| Device       : 7z020-clg400
| Speed File   : -1  PRODUCTION 1.12 2019-11-22
----------------------------------------------------------------------------------------------------------------

Timing Report

Slack:                    inf
  Source:                 prev_in_0_V[5]
                            (input port)
  Destination:            mul_table_V_U/calculate_value_mbkb_rom_U/q0_reg[13]/D
                            (rising edge-triggered cell FDRE clocked by default  {rise@0.000ns fall@5.000ns period=10.000ns})
  Path Group:             (none)
  Path Type:              Setup (Max at Slow Process Corner)
  Data Path Delay:        6.634ns  (logic 2.013ns (30.337%)  route 4.622ns (69.663%))
  Logic Levels:           9  (IBUF=1 LUT3=1 LUT4=1 LUT5=1 LUT6=3 MUXF7=1 MUXF8=1)
  Clock Path Skew:        2.128ns (DCD - SCD + CPR)
    Destination Clock Delay (DCD):    2.128ns
    Source Clock Delay      (SCD):    0.000ns
    Clock Pessimism Removal (CPR):    0.000ns

    Location             Delay type                Incr(ns)  Path(ns)    Netlist Resource(s)
  -------------------------------------------------------------------    -------------------
                                                      0.000     0.000 r  prev_in_0_V[5] (IN)
                         net (fo=0)                   0.000     0.000    prev_in_0_V[5]
                         IBUF (Prop_ibuf_I_O)         0.972     0.972 r  prev_in_0_V_IBUF[5]_inst/O
                         net (fo=2307, unplaced)      0.800     1.771    mul_table_V_U/calculate_value_mbkb_rom_U/prev_in_0_V_IBUF[5]
                         LUT4 (Prop_lut4_I3_O)        0.124     1.895 r  mul_table_V_U/calculate_value_mbkb_rom_U/q0[15]_i_119/O
                         net (fo=6, unplaced)         0.934     2.829    mul_table_V_U/calculate_value_mbkb_rom_U/q0[15]_i_119_n_0
                         LUT6 (Prop_lut6_I1_O)        0.124     2.953 r  mul_table_V_U/calculate_value_mbkb_rom_U/q0[13]_i_156/O
                         net (fo=1, unplaced)         0.902     3.855    mul_table_V_U/calculate_value_mbkb_rom_U/q0[13]_i_156_n_0
                         LUT5 (Prop_lut5_I0_O)        0.124     3.979 r  mul_table_V_U/calculate_value_mbkb_rom_U/q0[13]_i_91/O
                         net (fo=1, unplaced)         0.902     4.881    mul_table_V_U/calculate_value_mbkb_rom_U/q0[13]_i_91_n_0
                         LUT6 (Prop_lut6_I1_O)        0.124     5.005 r  mul_table_V_U/calculate_value_mbkb_rom_U/q0[13]_i_43/O
                         net (fo=1, unplaced)         0.419     5.424    mul_table_V_U/calculate_value_mbkb_rom_U/q0[13]_i_43_n_0
                         LUT3 (Prop_lut3_I1_O)        0.124     5.548 r  mul_table_V_U/calculate_value_mbkb_rom_U/q0[13]_i_17/O
                         net (fo=1, unplaced)         0.665     6.213    mul_table_V_U/calculate_value_mbkb_rom_U/q0[13]_i_17_n_0
                         LUT6 (Prop_lut6_I3_O)        0.124     6.337 r  mul_table_V_U/calculate_value_mbkb_rom_U/q0[13]_i_6/O
                         net (fo=1, unplaced)         0.000     6.337    mul_table_V_U/calculate_value_mbkb_rom_U/q0[13]_i_6_n_0
                         MUXF7 (Prop_muxf7_I0_O)      0.209     6.546 r  mul_table_V_U/calculate_value_mbkb_rom_U/q0_reg[13]_i_3/O
                         net (fo=1, unplaced)         0.000     6.546    mul_table_V_U/calculate_value_mbkb_rom_U/q0_reg[13]_i_3_n_0
                         MUXF8 (Prop_muxf8_I1_O)      0.088     6.634 r  mul_table_V_U/calculate_value_mbkb_rom_U/q0_reg[13]_i_1/O
                         net (fo=1, unplaced)         0.000     6.634    mul_table_V_U/calculate_value_mbkb_rom_U/p_0_out[13]
                         FDRE                                         r  mul_table_V_U/calculate_value_mbkb_rom_U/q0_reg[13]/D
  -------------------------------------------------------------------    -------------------

                         (clock default rise edge)    0.000     0.000 r  
                                                      0.000     0.000 r  ap_clk (IN)
                         net (fo=0)                   0.000     0.000    ap_clk
                         IBUF (Prop_ibuf_I_O)         0.838     0.838 r  ap_clk_IBUF_inst/O
                         net (fo=1, unplaced)         0.760     1.598    ap_clk_IBUF
                         BUFG (Prop_bufg_I_O)         0.091     1.689 r  ap_clk_IBUF_BUFG_inst/O
                         net (fo=17, unplaced)        0.439     2.128    mul_table_V_U/calculate_value_mbkb_rom_U/clk
                         FDRE                                         r  mul_table_V_U/calculate_value_mbkb_rom_U/q0_reg[13]/C




