Copyright 1986-2020 Xilinx, Inc. All Rights Reserved.
----------------------------------------------------------------------------------------------------------------
| Tool Version : Vivado v.2020.1 (lin64) Build 2902540 Wed May 27 19:54:35 MDT 2020
| Date         : Tue May 27 18:14:04 2025
| Host         : cccad4.doc.ic.ac.uk running 64-bit CentOS Linux release 7.9.2009 (Core)
| Command      : report_timing -file /mnt/ccnas2/tdp/tr720/final-year-project-workspace/vivado_synth_timing.rpt
| Design       : calculate_value
| Device       : 7z020-clg400
| Speed File   : -1  PRODUCTION 1.12 2019-11-22
----------------------------------------------------------------------------------------------------------------

Timing Report

Slack:                    inf
  Source:                 prev_in_0_V[4]
                            (input port)
  Destination:            result_0_V[21]
                            (output port)
  Path Group:             (none)
  Path Type:              Max at Slow Process Corner
  Data Path Delay:        11.644ns  (logic 7.060ns (60.636%)  route 4.583ns (39.364%))
  Logic Levels:           12  (CARRY4=6 IBUF=1 LUT3=1 LUT5=1 LUT6=2 OBUF=1)

    Location             Delay type                Incr(ns)  Path(ns)    Netlist Resource(s)
  -------------------------------------------------------------------    -------------------
                                                      0.000     0.000 r  prev_in_0_V[4] (IN)
                         net (fo=0)                   0.000     0.000    prev_in_0_V[4]
                         IBUF (Prop_ibuf_I_O)         0.972     0.972 r  prev_in_0_V_IBUF[4]_inst/O
                         net (fo=24, unplaced)        0.800     1.771    calculate_value_mbkb_U1/calculate_value_mbkb_Mul_LUT_0_U/prev_in_0_V_IBUF[4]
                         LUT6 (Prop_lut6_I5_O)        0.124     1.895 r  calculate_value_mbkb_U1/calculate_value_mbkb_Mul_LUT_0_U/result_0_V_OBUF[4]_inst_i_13/O
                         net (fo=2, unplaced)         0.650     2.545    calculate_value_mbkb_U1/calculate_value_mbkb_Mul_LUT_0_U/result_0_V_OBUF[4]_inst_i_13_n_0
                         CARRY4 (Prop_carry4_DI[1]_CO[3])
                                                      0.520     3.065 r  calculate_value_mbkb_U1/calculate_value_mbkb_Mul_LUT_0_U/result_0_V_OBUF[4]_inst_i_3/CO[3]
                         net (fo=1, unplaced)         0.000     3.065    calculate_value_mbkb_U1/calculate_value_mbkb_Mul_LUT_0_U/result_0_V_OBUF[4]_inst_i_3_n_0
                         CARRY4 (Prop_carry4_CI_O[3])
                                                      0.331     3.396 r  calculate_value_mbkb_U1/calculate_value_mbkb_Mul_LUT_0_U/result_0_V_OBUF[15]_inst_i_17/O[3]
                         net (fo=1, unplaced)         0.808     4.204    calculate_value_mbkb_U1/calculate_value_mbkb_Mul_LUT_0_U/result_0_V_OBUF[15]_inst_i_17_n_4
                         CARRY4 (Prop_carry4_S[0]_O[3])
                                                      0.915     5.119 r  calculate_value_mbkb_U1/calculate_value_mbkb_Mul_LUT_0_U/result_0_V_OBUF[19]_inst_i_16/O[3]
                         net (fo=3, unplaced)         0.636     5.755    calculate_value_mbkb_U1/calculate_value_mbkb_Mul_LUT_0_U/result_0_V_OBUF[19]_inst_i_16_n_4
                         LUT3 (Prop_lut3_I1_O)        0.307     6.062 r  calculate_value_mbkb_U1/calculate_value_mbkb_Mul_LUT_0_U/result_0_V_OBUF[15]_inst_i_11/O
                         net (fo=2, unplaced)         0.460     6.522    calculate_value_mbkb_U1/calculate_value_mbkb_Mul_LUT_0_U/result_0_V_OBUF[15]_inst_i_11_n_0
                         LUT5 (Prop_lut5_I1_O)        0.124     6.646 r  calculate_value_mbkb_U1/calculate_value_mbkb_Mul_LUT_0_U/result_0_V_OBUF[15]_inst_i_2/O
                         net (fo=2, unplaced)         0.430     7.076    calculate_value_mbkb_U1/calculate_value_mbkb_Mul_LUT_0_U/result_0_V_OBUF[15]_inst_i_2_n_0
                         LUT6 (Prop_lut6_I0_O)        0.124     7.200 r  calculate_value_mbkb_U1/calculate_value_mbkb_Mul_LUT_0_U/result_0_V_OBUF[15]_inst_i_6/O
                         net (fo=1, unplaced)         0.000     7.200    calculate_value_mbkb_U1/calculate_value_mbkb_Mul_LUT_0_U/result_0_V_OBUF[15]_inst_i_6_n_0
                         CARRY4 (Prop_carry4_S[3]_CO[3])
                                                      0.376     7.576 r  calculate_value_mbkb_U1/calculate_value_mbkb_Mul_LUT_0_U/result_0_V_OBUF[15]_inst_i_1/CO[3]
                         net (fo=1, unplaced)         0.000     7.576    calculate_value_mbkb_U1/calculate_value_mbkb_Mul_LUT_0_U/result_0_V_OBUF[15]_inst_i_1_n_0
                         CARRY4 (Prop_carry4_CI_CO[3])
                                                      0.117     7.693 r  calculate_value_mbkb_U1/calculate_value_mbkb_Mul_LUT_0_U/result_0_V_OBUF[19]_inst_i_1/CO[3]
                         net (fo=1, unplaced)         0.000     7.693    calculate_value_mbkb_U1/calculate_value_mbkb_Mul_LUT_0_U/result_0_V_OBUF[19]_inst_i_1_n_0
                         CARRY4 (Prop_carry4_CI_O[1])
                                                      0.337     8.030 r  calculate_value_mbkb_U1/calculate_value_mbkb_Mul_LUT_0_U/result_0_V_OBUF[23]_inst_i_1/O[1]
                         net (fo=1, unplaced)         0.800     8.830    result_0_V_OBUF[21]
                         OBUF (Prop_obuf_I_O)         2.813    11.644 r  result_0_V_OBUF[21]_inst/O
                         net (fo=0)                   0.000    11.644    result_0_V[21]
                                                                      r  result_0_V[21] (OUT)
  -------------------------------------------------------------------    -------------------




