Copyright 1986-2020 Xilinx, Inc. All Rights Reserved.
----------------------------------------------------------------------------------------------------------------
| Tool Version : Vivado v.2020.1 (lin64) Build 2902540 Wed May 27 19:54:35 MDT 2020
| Date         : Tue May 27 22:05:03 2025
| Host         : cccad4.doc.ic.ac.uk running 64-bit CentOS Linux release 7.9.2009 (Core)
| Command      : report_timing -file /mnt/ccnas2/tdp/tr720/final-year-project-workspace/vivado_synth_timing.rpt
| Design       : calculate_value
| Device       : 7z020-clg400
| Speed File   : -1  PRODUCTION 1.12 2019-11-22
----------------------------------------------------------------------------------------------------------------

Timing Report

Slack:                    inf
  Source:                 prev_in_1_V[5]
                            (input port)
  Destination:            mul_table_V_U/calculate_value_mbkb_rom_U/q1_reg[7]/D
                            (rising edge-triggered cell FDRE clocked by default  {rise@0.000ns fall@5.000ns period=10.000ns})
  Path Group:             (none)
  Path Type:              Setup (Max at Slow Process Corner)
  Data Path Delay:        6.610ns  (logic 2.434ns (36.816%)  route 4.177ns (63.184%))
  Logic Levels:           8  (IBUF=1 LUT6=5 MUXF7=2)
  Clock Path Skew:        2.128ns (DCD - SCD + CPR)
    Destination Clock Delay (DCD):    2.128ns
    Source Clock Delay      (SCD):    0.000ns
    Clock Pessimism Removal (CPR):    0.000ns

    Location             Delay type                Incr(ns)  Path(ns)    Netlist Resource(s)
  -------------------------------------------------------------------    -------------------
                                                      0.000     0.000 r  prev_in_1_V[5] (IN)
                         net (fo=0)                   0.000     0.000    prev_in_1_V[5]
                         IBUF (Prop_ibuf_I_O)         0.972     0.972 r  prev_in_1_V_IBUF[5]_inst/O
                         net (fo=7792, unplaced)      0.800     1.771    mul_table_V_U/calculate_value_mbkb_rom_U/prev_in_1_V_IBUF[5]
                         LUT6 (Prop_lut6_I5_O)        0.124     1.895 r  mul_table_V_U/calculate_value_mbkb_rom_U/g173_b7/O
                         net (fo=1, unplaced)         0.000     1.895    mul_table_V_U/calculate_value_mbkb_rom_U/g173_b7_n_0
                         MUXF7 (Prop_muxf7_I1_O)      0.247     2.142 r  mul_table_V_U/calculate_value_mbkb_rom_U/q1_reg[7]_i_320/O
                         net (fo=1, unplaced)         0.905     3.047    mul_table_V_U/calculate_value_mbkb_rom_U/q1_reg[7]_i_320_n_0
                         LUT6 (Prop_lut6_I1_O)        0.298     3.345 r  mul_table_V_U/calculate_value_mbkb_rom_U/q1[7]_i_125/O
                         net (fo=1, unplaced)         0.000     3.345    mul_table_V_U/calculate_value_mbkb_rom_U/q1[7]_i_125_n_0
                         MUXF7 (Prop_muxf7_I1_O)      0.247     3.592 r  mul_table_V_U/calculate_value_mbkb_rom_U/q1_reg[7]_i_45/O
                         net (fo=1, unplaced)         0.905     4.497    mul_table_V_U/calculate_value_mbkb_rom_U/q1_reg[7]_i_45_n_0
                         LUT6 (Prop_lut6_I1_O)        0.298     4.795 r  mul_table_V_U/calculate_value_mbkb_rom_U/q1[7]_i_13/O
                         net (fo=1, unplaced)         0.902     5.697    mul_table_V_U/calculate_value_mbkb_rom_U/q1[7]_i_13_n_0
                         LUT6 (Prop_lut6_I1_O)        0.124     5.821 r  mul_table_V_U/calculate_value_mbkb_rom_U/q1[7]_i_5/O
                         net (fo=1, unplaced)         0.665     6.486    mul_table_V_U/calculate_value_mbkb_rom_U/q1[7]_i_5_n_0
                         LUT6 (Prop_lut6_I5_O)        0.124     6.610 r  mul_table_V_U/calculate_value_mbkb_rom_U/q1[7]_i_1/O
                         net (fo=1, unplaced)         0.000     6.610    mul_table_V_U/calculate_value_mbkb_rom_U/q10[7]
                         FDRE                                         r  mul_table_V_U/calculate_value_mbkb_rom_U/q1_reg[7]/D
  -------------------------------------------------------------------    -------------------

                         (clock default rise edge)    0.000     0.000 r  
                                                      0.000     0.000 r  ap_clk (IN)
                         net (fo=0)                   0.000     0.000    ap_clk
                         IBUF (Prop_ibuf_I_O)         0.838     0.838 r  ap_clk_IBUF_inst/O
                         net (fo=1, unplaced)         0.760     1.598    ap_clk_IBUF
                         BUFG (Prop_bufg_I_O)         0.091     1.689 r  ap_clk_IBUF_BUFG_inst/O
                         net (fo=36, unplaced)        0.439     2.128    mul_table_V_U/calculate_value_mbkb_rom_U/CLK
                         FDRE                                         r  mul_table_V_U/calculate_value_mbkb_rom_U/q1_reg[7]/C




