Copyright 1986-2020 Xilinx, Inc. All Rights Reserved.
----------------------------------------------------------------------------------------------------------------
| Tool Version : Vivado v.2020.1 (lin64) Build 2902540 Wed May 27 19:54:35 MDT 2020
| Date         : Tue May 27 18:58:34 2025
| Host         : cccad4.doc.ic.ac.uk running 64-bit CentOS Linux release 7.9.2009 (Core)
| Command      : report_timing -file /mnt/ccnas2/tdp/tr720/final-year-project-workspace/vivado_synth_timing.rpt
| Design       : calculate_value
| Device       : 7z020-clg400
| Speed File   : -1  PRODUCTION 1.12 2019-11-22
----------------------------------------------------------------------------------------------------------------

Timing Report

Slack:                    inf
  Source:                 prev_in_0_V[1]
                            (input port)
  Destination:            result_0_V[1]
                            (output port)
  Path Group:             (none)
  Path Type:              Max at Slow Process Corner
  Data Path Delay:        5.356ns  (logic 3.756ns (70.135%)  route 1.599ns (29.865%))
  Logic Levels:           3  (IBUF=1 LUT4=1 OBUF=1)

    Location             Delay type                Incr(ns)  Path(ns)    Netlist Resource(s)
  -------------------------------------------------------------------    -------------------
                                                      0.000     0.000 r  prev_in_0_V[1] (IN)
                         net (fo=0)                   0.000     0.000    prev_in_0_V[1]
                         IBUF (Prop_ibuf_I_O)         0.972     0.972 r  prev_in_0_V_IBUF[1]_inst/O
                         net (fo=5, unplaced)         0.800     1.771    prev_in_0_V_IBUF[1]
                         LUT4 (Prop_lut4_I2_O)        0.150     1.921 r  result_0_V_OBUF[1]_inst_i_1/O
                         net (fo=1, unplaced)         0.800     2.721    result_0_V_OBUF[1]
                         OBUF (Prop_obuf_I_O)         2.634     5.356 r  result_0_V_OBUF[1]_inst/O
                         net (fo=0)                   0.000     5.356    result_0_V[1]
                                                                      r  result_0_V[1] (OUT)
  -------------------------------------------------------------------    -------------------




