Copyright 1986-2020 Xilinx, Inc. All Rights Reserved.
----------------------------------------------------------------------------------------------------------------
| Tool Version : Vivado v.2020.1 (lin64) Build 2902540 Wed May 27 19:54:35 MDT 2020
| Date         : Tue May 27 21:36:53 2025
| Host         : cccad4.doc.ic.ac.uk running 64-bit CentOS Linux release 7.9.2009 (Core)
| Command      : report_timing -file /mnt/ccnas2/tdp/tr720/final-year-project-workspace/vivado_synth_timing.rpt
| Design       : calculate_value
| Device       : 7z020-clg400
| Speed File   : -1  PRODUCTION 1.12 2019-11-22
----------------------------------------------------------------------------------------------------------------

Timing Report

Slack:                    inf
  Source:                 prev_in_0_V[3]
                            (input port)
  Destination:            result_0_V[15]
                            (output port)
  Path Group:             (none)
  Path Type:              Max at Slow Process Corner
  Data Path Delay:        9.410ns  (logic 6.271ns (66.646%)  route 3.138ns (33.354%))
  Logic Levels:           11  (CARRY4=5 IBUF=1 LUT2=1 LUT3=1 LUT4=1 LUT6=1 OBUF=1)

    Location             Delay type                Incr(ns)  Path(ns)    Netlist Resource(s)
  -------------------------------------------------------------------    -------------------
                                                      0.000     0.000 f  prev_in_0_V[3] (IN)
                         net (fo=0)                   0.000     0.000    prev_in_0_V[3]
                         IBUF (Prop_ibuf_I_O)         0.972     0.972 f  prev_in_0_V_IBUF[3]_inst/O
                         net (fo=20, unplaced)        0.800     1.771    calculate_value_mbkb_U1/calculate_value_mbkb_Mul_LUT_0_U/prev_in_0_V_IBUF[3]
                         LUT2 (Prop_lut2_I0_O)        0.150     1.921 r  calculate_value_mbkb_U1/calculate_value_mbkb_Mul_LUT_0_U/result_0_V_OBUF[2]_inst_i_9/O
                         net (fo=1, unplaced)         0.449     2.370    calculate_value_mbkb_U1/calculate_value_mbkb_Mul_LUT_0_U/result_0_V_OBUF[2]_inst_i_9_n_0
                         LUT6 (Prop_lut6_I1_O)        0.124     2.494 r  calculate_value_mbkb_U1/calculate_value_mbkb_Mul_LUT_0_U/result_0_V_OBUF[2]_inst_i_5/O
                         net (fo=1, unplaced)         0.000     2.494    calculate_value_mbkb_U1/calculate_value_mbkb_Mul_LUT_0_U/result_0_V_OBUF[2]_inst_i_5_n_0
                         CARRY4 (Prop_carry4_S[3]_CO[3])
                                                      0.376     2.870 r  calculate_value_mbkb_U1/calculate_value_mbkb_Mul_LUT_0_U/result_0_V_OBUF[2]_inst_i_1/CO[3]
                         net (fo=1, unplaced)         0.009     2.879    calculate_value_mbkb_U1/calculate_value_mbkb_Mul_LUT_0_U/result_0_V_OBUF[2]_inst_i_1_n_0
                         CARRY4 (Prop_carry4_CI_O[3])
                                                      0.331     3.210 r  calculate_value_mbkb_U1/calculate_value_mbkb_Mul_LUT_0_U/result_0_V_OBUF[10]_inst_i_10/O[3]
                         net (fo=2, unplaced)         0.629     3.839    calculate_value_mbkb_U1/calculate_value_mbkb_Mul_LUT_0_U/result_0_V_OBUF[10]_inst_i_10_n_4
                         LUT3 (Prop_lut3_I2_O)        0.299     4.138 r  calculate_value_mbkb_U1/calculate_value_mbkb_Mul_LUT_0_U/result_0_V_OBUF[10]_inst_i_4/O
                         net (fo=2, unplaced)         0.452     4.590    calculate_value_mbkb_U1/calculate_value_mbkb_Mul_LUT_0_U/result_0_V_OBUF[10]_inst_i_4_n_0
                         LUT4 (Prop_lut4_I0_O)        0.328     4.918 r  calculate_value_mbkb_U1/calculate_value_mbkb_Mul_LUT_0_U/result_0_V_OBUF[10]_inst_i_8/O
                         net (fo=1, unplaced)         0.000     4.918    calculate_value_mbkb_U1/calculate_value_mbkb_Mul_LUT_0_U/result_0_V_OBUF[10]_inst_i_8_n_0
                         CARRY4 (Prop_carry4_S[1]_CO[3])
                                                      0.533     5.451 r  calculate_value_mbkb_U1/calculate_value_mbkb_Mul_LUT_0_U/result_0_V_OBUF[10]_inst_i_1/CO[3]
                         net (fo=1, unplaced)         0.000     5.451    calculate_value_mbkb_U1/calculate_value_mbkb_Mul_LUT_0_U/result_0_V_OBUF[10]_inst_i_1_n_0
                         CARRY4 (Prop_carry4_CI_CO[3])
                                                      0.117     5.568 r  calculate_value_mbkb_U1/calculate_value_mbkb_Mul_LUT_0_U/result_0_V_OBUF[14]_inst_i_1/CO[3]
                         net (fo=1, unplaced)         0.000     5.568    calculate_value_mbkb_U1/calculate_value_mbkb_Mul_LUT_0_U/result_0_V_OBUF[14]_inst_i_1_n_0
                         CARRY4 (Prop_carry4_CI_O[0])
                                                      0.232     5.800 r  calculate_value_mbkb_U1/calculate_value_mbkb_Mul_LUT_0_U/result_0_V_OBUF[15]_inst_i_1/O[0]
                         net (fo=1, unplaced)         0.800     6.600    result_0_V_OBUF[15]
                         OBUF (Prop_obuf_I_O)         2.809     9.410 r  result_0_V_OBUF[15]_inst/O
                         net (fo=0)                   0.000     9.410    result_0_V[15]
                                                                      r  result_0_V[15] (OUT)
  -------------------------------------------------------------------    -------------------




