Copyright 1986-2020 Xilinx, Inc. All Rights Reserved.
----------------------------------------------------------------------------------------------------------------
| Tool Version : Vivado v.2020.1 (lin64) Build 2902540 Wed May 27 19:54:35 MDT 2020
| Date         : Tue May 27 23:50:11 2025
| Host         : cccad4.doc.ic.ac.uk running 64-bit CentOS Linux release 7.9.2009 (Core)
| Command      : report_timing -file /mnt/ccnas2/tdp/tr720/final-year-project-workspace/vivado_synth_timing.rpt
| Design       : calculate_value
| Device       : 7z020-clg400
| Speed File   : -1  PRODUCTION 1.12 2019-11-22
----------------------------------------------------------------------------------------------------------------

Timing Report

Slack (MET) :             6.324ns  (required time - arrival time)
  Source:                 calculate_value_ueOg_U1/calculate_value_ueOg_div_U/calculate_value_ueOg_div_u_0/loop[13].remd_tmp_reg[14][0]/C
                            (rising edge-triggered cell FDRE clocked by default  {rise@0.000ns fall@5.000ns period=10.000ns})
  Destination:            calculate_value_ueOg_U1/calculate_value_ueOg_div_U/calculate_value_ueOg_div_u_0/loop[14].remd_tmp_reg[15][0]/D
                            (rising edge-triggered cell FDRE clocked by default  {rise@0.000ns fall@5.000ns period=10.000ns})
  Path Group:             default
  Path Type:              Setup (Max at Slow Process Corner)
  Requirement:            10.000ns  (default rise@10.000ns - default rise@0.000ns)
  Data Path Delay:        3.540ns  (logic 2.178ns (61.525%)  route 1.362ns (38.475%))
  Logic Levels:           5  (CARRY4=4 LUT3=1)
  Clock Path Skew:        -0.145ns (DCD - SCD + CPR)
    Destination Clock Delay (DCD):    2.128ns = ( 12.128 - 10.000 ) 
    Source Clock Delay      (SCD):    2.456ns
    Clock Pessimism Removal (CPR):    0.184ns
  Clock Uncertainty:      0.035ns  ((TSJ^2 + TIJ^2)^1/2 + DJ) / 2 + PE
    Total System Jitter     (TSJ):    0.071ns
    Total Input Jitter      (TIJ):    0.000ns
    Discrete Jitter          (DJ):    0.000ns
    Phase Error              (PE):    0.000ns

    Location             Delay type                Incr(ns)  Path(ns)    Netlist Resource(s)
  -------------------------------------------------------------------    -------------------
                         (clock default rise edge)    0.000     0.000 r  
                                                      0.000     0.000 r  ap_clk (IN)
                         net (fo=0)                   0.000     0.000    ap_clk
                         IBUF (Prop_ibuf_I_O)         0.972     0.972 r  ap_clk_IBUF_inst/O
                         net (fo=1, unplaced)         0.800     1.771    ap_clk_IBUF
                         BUFG (Prop_bufg_I_O)         0.101     1.872 r  ap_clk_IBUF_BUFG_inst/O
                         net (fo=675, unplaced)       0.584     2.456    calculate_value_ueOg_U1/calculate_value_ueOg_div_U/calculate_value_ueOg_div_u_0/ap_clk_IBUF_BUFG
                         FDRE                                         r  calculate_value_ueOg_U1/calculate_value_ueOg_div_U/calculate_value_ueOg_div_u_0/loop[13].remd_tmp_reg[14][0]/C
  -------------------------------------------------------------------    -------------------
                         FDRE (Prop_fdre_C_Q)         0.478     2.934 r  calculate_value_ueOg_U1/calculate_value_ueOg_div_U/calculate_value_ueOg_div_u_0/loop[13].remd_tmp_reg[14][0]/Q
                         net (fo=3, unplaced)         0.682     3.616    calculate_value_ueOg_U1/calculate_value_ueOg_div_U/calculate_value_ueOg_div_u_0/loop[13].remd_tmp_reg[14][0]
                         CARRY4 (Prop_carry4_S[1]_CO[3])
                                                      0.828     4.444 r  calculate_value_ueOg_U1/calculate_value_ueOg_div_U/calculate_value_ueOg_div_u_0/cal_tmp[14]_carry/CO[3]
                         net (fo=1, unplaced)         0.009     4.453    calculate_value_ueOg_U1/calculate_value_ueOg_div_U/calculate_value_ueOg_div_u_0/cal_tmp[14]_carry_n_0
                         CARRY4 (Prop_carry4_CI_CO[3])
                                                      0.117     4.570 r  calculate_value_ueOg_U1/calculate_value_ueOg_div_U/calculate_value_ueOg_div_u_0/cal_tmp[14]_carry__0/CO[3]
                         net (fo=1, unplaced)         0.000     4.570    calculate_value_ueOg_U1/calculate_value_ueOg_div_U/calculate_value_ueOg_div_u_0/cal_tmp[14]_carry__0_n_0
                         CARRY4 (Prop_carry4_CI_CO[3])
                                                      0.117     4.687 r  calculate_value_ueOg_U1/calculate_value_ueOg_div_U/calculate_value_ueOg_div_u_0/cal_tmp[14]_carry__1/CO[3]
                         net (fo=1, unplaced)         0.000     4.687    calculate_value_ueOg_U1/calculate_value_ueOg_div_U/calculate_value_ueOg_div_u_0/cal_tmp[14]_carry__1_n_0
                         CARRY4 (Prop_carry4_CI_O[3])
                                                      0.331     5.018 r  calculate_value_ueOg_U1/calculate_value_ueOg_div_U/calculate_value_ueOg_div_u_0/cal_tmp[14]_carry__2/O[3]
                         net (fo=15, unplaced)        0.671     5.689    calculate_value_ueOg_U1/calculate_value_ueOg_div_U/calculate_value_ueOg_div_u_0/cal_tmp[14]_13[16]
                         LUT3 (Prop_lut3_I1_O)        0.307     5.996 r  calculate_value_ueOg_U1/calculate_value_ueOg_div_U/calculate_value_ueOg_div_u_0/loop[14].remd_tmp[15][0]_i_1/O
                         net (fo=1, unplaced)         0.000     5.996    calculate_value_ueOg_U1/calculate_value_ueOg_div_U/calculate_value_ueOg_div_u_0/loop[14].remd_tmp[15][0]_i_1_n_0
                         FDRE                                         r  calculate_value_ueOg_U1/calculate_value_ueOg_div_U/calculate_value_ueOg_div_u_0/loop[14].remd_tmp_reg[15][0]/D
  -------------------------------------------------------------------    -------------------

                         (clock default rise edge)   10.000    10.000 r  
                                                      0.000    10.000 r  ap_clk (IN)
                         net (fo=0)                   0.000    10.000    ap_clk
                         IBUF (Prop_ibuf_I_O)         0.838    10.838 r  ap_clk_IBUF_inst/O
                         net (fo=1, unplaced)         0.760    11.598    ap_clk_IBUF
                         BUFG (Prop_bufg_I_O)         0.091    11.689 r  ap_clk_IBUF_BUFG_inst/O
                         net (fo=675, unplaced)       0.439    12.128    calculate_value_ueOg_U1/calculate_value_ueOg_div_U/calculate_value_ueOg_div_u_0/ap_clk_IBUF_BUFG
                         FDRE                                         r  calculate_value_ueOg_U1/calculate_value_ueOg_div_U/calculate_value_ueOg_div_u_0/loop[14].remd_tmp_reg[15][0]/C
                         clock pessimism              0.184    12.311    
                         clock uncertainty           -0.035    12.276    
                         FDRE (Setup_fdre_C_D)        0.044    12.320    calculate_value_ueOg_U1/calculate_value_ueOg_div_U/calculate_value_ueOg_div_u_0/loop[14].remd_tmp_reg[15][0]
  -------------------------------------------------------------------
                         required time                         12.320    
                         arrival time                          -5.996    
  -------------------------------------------------------------------
                         slack                                  6.324    




