Copyright 1986-2020 Xilinx, Inc. All Rights Reserved.
----------------------------------------------------------------------------------------------------------------
| Tool Version : Vivado v.2020.1 (lin64) Build 2902540 Wed May 27 19:54:35 MDT 2020
| Date         : Tue May 27 23:22:32 2025
| Host         : cccad4.doc.ic.ac.uk running 64-bit CentOS Linux release 7.9.2009 (Core)
| Command      : report_timing -file /mnt/ccnas2/tdp/tr720/final-year-project-workspace/vivado_synth_timing.rpt
| Design       : calculate_value
| Device       : 7z020-clg400
| Speed File   : -1  PRODUCTION 1.12 2019-11-22
----------------------------------------------------------------------------------------------------------------

Timing Report

Slack (MET) :             5.904ns  (required time - arrival time)
  Source:                 ap_CS_fsm_reg[2]/C
                            (rising edge-triggered cell FDRE clocked by default  {rise@0.000ns fall@5.000ns period=10.000ns})
  Destination:            mul_table_V_U/calculate_value_mbkb_rom_U/q0_reg[4]/D
                            (rising edge-triggered cell FDRE clocked by default  {rise@0.000ns fall@5.000ns period=10.000ns})
  Path Group:             default
  Path Type:              Setup (Max at Slow Process Corner)
  Requirement:            10.000ns  (default rise@10.000ns - default rise@0.000ns)
  Data Path Delay:        3.672ns  (logic 1.242ns (33.824%)  route 2.430ns (66.176%))
  Logic Levels:           4  (LUT5=1 LUT6=1 MUXF7=1 MUXF8=1)
  Clock Path Skew:        -0.145ns (DCD - SCD + CPR)
    Destination Clock Delay (DCD):    2.128ns = ( 12.128 - 10.000 ) 
    Source Clock Delay      (SCD):    2.456ns
    Clock Pessimism Removal (CPR):    0.184ns
  Clock Uncertainty:      0.035ns  ((TSJ^2 + TIJ^2)^1/2 + DJ) / 2 + PE
    Total System Jitter     (TSJ):    0.071ns
    Total Input Jitter      (TIJ):    0.000ns
    Discrete Jitter          (DJ):    0.000ns
    Phase Error              (PE):    0.000ns

    Location             Delay type                Incr(ns)  Path(ns)    Netlist Resource(s)
  -------------------------------------------------------------------    -------------------
                         (clock default rise edge)    0.000     0.000 r  
                                                      0.000     0.000 r  ap_clk (IN)
                         net (fo=0)                   0.000     0.000    ap_clk
                         IBUF (Prop_ibuf_I_O)         0.972     0.972 r  ap_clk_IBUF_inst/O
                         net (fo=1, unplaced)         0.800     1.771    ap_clk_IBUF
                         BUFG (Prop_bufg_I_O)         0.101     1.872 r  ap_clk_IBUF_BUFG_inst/O
                         net (fo=29, unplaced)        0.584     2.456    ap_clk_IBUF_BUFG
                         FDRE                                         r  ap_CS_fsm_reg[2]/C
  -------------------------------------------------------------------    -------------------
                         FDRE (Prop_fdre_C_Q)         0.478     2.934 r  ap_CS_fsm_reg[2]/Q
                         net (fo=14, unplaced)        0.717     3.651    mul_table_V_U/calculate_value_mbkb_rom_U/Q[2]
                         LUT5 (Prop_lut5_I1_O)        0.295     3.946 r  mul_table_V_U/calculate_value_mbkb_rom_U/q0[2]_i_2/O
                         net (fo=19, unplaced)        1.170     5.116    mul_table_V_U/calculate_value_mbkb_rom_U/sel[0]
                         LUT6 (Prop_lut6_I1_O)        0.124     5.240 r  mul_table_V_U/calculate_value_mbkb_rom_U/q0[4]_i_5/O
                         net (fo=1, unplaced)         0.000     5.240    mul_table_V_U/calculate_value_mbkb_rom_U/q0[4]_i_5_n_0
                         MUXF7 (Prop_muxf7_I1_O)      0.247     5.487 r  mul_table_V_U/calculate_value_mbkb_rom_U/q0_reg[4]_i_2/O
                         net (fo=1, unplaced)         0.000     5.487    mul_table_V_U/calculate_value_mbkb_rom_U/q0_reg[4]_i_2_n_0
                         MUXF8 (Prop_muxf8_I0_O)      0.098     5.585 r  mul_table_V_U/calculate_value_mbkb_rom_U/q0_reg[4]_i_1/O
                         net (fo=3, unplaced)         0.543     6.128    mul_table_V_U/calculate_value_mbkb_rom_U/p_0_out[4]
                         FDRE                                         r  mul_table_V_U/calculate_value_mbkb_rom_U/q0_reg[4]/D
  -------------------------------------------------------------------    -------------------

                         (clock default rise edge)   10.000    10.000 r  
                                                      0.000    10.000 r  ap_clk (IN)
                         net (fo=0)                   0.000    10.000    ap_clk
                         IBUF (Prop_ibuf_I_O)         0.838    10.838 r  ap_clk_IBUF_inst/O
                         net (fo=1, unplaced)         0.760    11.598    ap_clk_IBUF
                         BUFG (Prop_bufg_I_O)         0.091    11.689 r  ap_clk_IBUF_BUFG_inst/O
                         net (fo=29, unplaced)        0.439    12.128    mul_table_V_U/calculate_value_mbkb_rom_U/ap_clk_IBUF_BUFG
                         FDRE                                         r  mul_table_V_U/calculate_value_mbkb_rom_U/q0_reg[4]/C
                         clock pessimism              0.184    12.311    
                         clock uncertainty           -0.035    12.276    
                         FDRE (Setup_fdre_C_D)       -0.244    12.032    mul_table_V_U/calculate_value_mbkb_rom_U/q0_reg[4]
  -------------------------------------------------------------------
                         required time                         12.032    
                         arrival time                          -6.128    
  -------------------------------------------------------------------
                         slack                                  5.904    




