Copyright 1986-2020 Xilinx, Inc. All Rights Reserved.
----------------------------------------------------------------------------------------------------------------
| Tool Version : Vivado v.2020.1 (lin64) Build 2902540 Wed May 27 19:54:35 MDT 2020
| Date         : Tue May 27 22:38:01 2025
| Host         : cccad4.doc.ic.ac.uk running 64-bit CentOS Linux release 7.9.2009 (Core)
| Command      : report_timing -file /mnt/ccnas2/tdp/tr720/final-year-project-workspace/vivado_synth_timing.rpt
| Design       : calculate_value
| Device       : 7z020-clg400
| Speed File   : -1  PRODUCTION 1.12 2019-11-22
----------------------------------------------------------------------------------------------------------------

Timing Report

Slack (MET) :             6.481ns  (required time - arrival time)
  Source:                 ap_CS_fsm_reg[2]/C
                            (rising edge-triggered cell FDRE clocked by default  {rise@0.000ns fall@5.000ns period=10.000ns})
  Destination:            mul_table_V_0_U/calculate_value_mbkb_rom_U/q0_reg/ADDRARDADDR[4]
                            (rising edge-triggered cell RAMB18E1 clocked by default  {rise@0.000ns fall@5.000ns period=10.000ns})
  Path Group:             default
  Path Type:              Setup (Max at Slow Process Corner)
  Requirement:            10.000ns  (default rise@10.000ns - default rise@0.000ns)
  Data Path Delay:        2.599ns  (logic 1.020ns (39.250%)  route 1.579ns (60.750%))
  Logic Levels:           2  (LUT5=1 MUXF7=1)
  Clock Path Skew:        -0.145ns (DCD - SCD + CPR)
    Destination Clock Delay (DCD):    2.128ns = ( 12.128 - 10.000 ) 
    Source Clock Delay      (SCD):    2.456ns
    Clock Pessimism Removal (CPR):    0.184ns
  Clock Uncertainty:      0.035ns  ((TSJ^2 + TIJ^2)^1/2 + DJ) / 2 + PE
    Total System Jitter     (TSJ):    0.071ns
    Total Input Jitter      (TIJ):    0.000ns
    Discrete Jitter          (DJ):    0.000ns
    Phase Error              (PE):    0.000ns

    Location             Delay type                Incr(ns)  Path(ns)    Netlist Resource(s)
  -------------------------------------------------------------------    -------------------
                         (clock default rise edge)    0.000     0.000 r  
                                                      0.000     0.000 r  ap_clk (IN)
                         net (fo=0)                   0.000     0.000    ap_clk
                         IBUF (Prop_ibuf_I_O)         0.972     0.972 r  ap_clk_IBUF_inst/O
                         net (fo=1, unplaced)         0.800     1.771    ap_clk_IBUF
                         BUFG (Prop_bufg_I_O)         0.101     1.872 r  ap_clk_IBUF_BUFG_inst/O
                         net (fo=9, unplaced)         0.584     2.456    ap_clk_IBUF_BUFG
                         FDRE                                         r  ap_CS_fsm_reg[2]/C
  -------------------------------------------------------------------    -------------------
                         FDRE (Prop_fdre_C_Q)         0.478     2.934 r  ap_CS_fsm_reg[2]/Q
                         net (fo=8, unplaced)         0.779     3.713    mul_table_V_0_U/calculate_value_mbkb_rom_U/Q[2]
                         LUT5 (Prop_lut5_I2_O)        0.295     4.008 r  mul_table_V_0_U/calculate_value_mbkb_rom_U/q0_reg_i_4/O
                         net (fo=1, unplaced)         0.000     4.008    mul_table_V_0_U/calculate_value_mbkb_rom_U/q0_reg_i_4_n_0
                         MUXF7 (Prop_muxf7_I1_O)      0.247     4.255 r  mul_table_V_0_U/calculate_value_mbkb_rom_U/q0_reg_i_2/O
                         net (fo=1, unplaced)         0.800     5.055    mul_table_V_0_U/calculate_value_mbkb_rom_U/q0_reg_i_2_n_0
                         RAMB18E1                                     r  mul_table_V_0_U/calculate_value_mbkb_rom_U/q0_reg/ADDRARDADDR[4]
  -------------------------------------------------------------------    -------------------

                         (clock default rise edge)   10.000    10.000 r  
                                                      0.000    10.000 r  ap_clk (IN)
                         net (fo=0)                   0.000    10.000    ap_clk
                         IBUF (Prop_ibuf_I_O)         0.838    10.838 r  ap_clk_IBUF_inst/O
                         net (fo=1, unplaced)         0.760    11.598    ap_clk_IBUF
                         BUFG (Prop_bufg_I_O)         0.091    11.689 r  ap_clk_IBUF_BUFG_inst/O
                         net (fo=9, unplaced)         0.439    12.128    mul_table_V_0_U/calculate_value_mbkb_rom_U/CLK
                         RAMB18E1                                     r  mul_table_V_0_U/calculate_value_mbkb_rom_U/q0_reg/CLKARDCLK
                         clock pessimism              0.184    12.311    
                         clock uncertainty           -0.035    12.276    
                         RAMB18E1 (Setup_ramb18e1_CLKARDCLK_ADDRARDADDR[4])
                                                     -0.740    11.536    mul_table_V_0_U/calculate_value_mbkb_rom_U/q0_reg
  -------------------------------------------------------------------
                         required time                         11.536    
                         arrival time                          -5.055    
  -------------------------------------------------------------------
                         slack                                  6.481    




