Copyright 1986-2020 Xilinx, Inc. All Rights Reserved.
----------------------------------------------------------------------------------------------------------------
| Tool Version : Vivado v.2020.1 (lin64) Build 2902540 Wed May 27 19:54:35 MDT 2020
| Date         : Wed May 28 20:01:23 2025
| Host         : cccad4.doc.ic.ac.uk running 64-bit CentOS Linux release 7.9.2009 (Core)
| Command      : report_timing -file /mnt/ccnas2/tdp/tr720/final-year-project-workspace/vivado_synth_timing.rpt
| Design       : calculate_value
| Device       : 7z020-clg400
| Speed File   : -1  PRODUCTION 1.12 2019-11-22
----------------------------------------------------------------------------------------------------------------

Timing Report

Slack:                    inf
  Source:                 in2_0_V[0]
                            (input port)
  Destination:            add_table_V_U/calculate_value_abkb_rom_U/q0_reg[6]/D
                            (rising edge-triggered cell FDRE clocked by default  {rise@0.000ns fall@5.000ns period=10.000ns})
  Path Group:             (none)
  Path Type:              Setup (Max at Slow Process Corner)
  Data Path Delay:        3.671ns  (logic 1.478ns (40.248%)  route 2.194ns (59.752%))
  Logic Levels:           5  (IBUF=1 LUT3=1 LUT4=1 LUT5=2)
  Clock Path Skew:        2.128ns (DCD - SCD + CPR)
    Destination Clock Delay (DCD):    2.128ns
    Source Clock Delay      (SCD):    0.000ns
    Clock Pessimism Removal (CPR):    0.000ns

    Location             Delay type                Incr(ns)  Path(ns)    Netlist Resource(s)
  -------------------------------------------------------------------    -------------------
                                                      0.000     0.000 f  in2_0_V[0] (IN)
                         net (fo=0)                   0.000     0.000    in2_0_V[0]
                         IBUF (Prop_ibuf_I_O)         0.972     0.972 f  in2_0_V_IBUF[0]_inst/O
                         net (fo=4, unplaced)         0.800     1.771    add_table_V_U/calculate_value_abkb_rom_U/in2_0_V_IBUF[0]
                         LUT4 (Prop_lut4_I2_O)        0.150     1.921 r  add_table_V_U/calculate_value_abkb_rom_U/q0[3]_i_2/O
                         net (fo=2, unplaced)         0.460     2.381    add_table_V_U/calculate_value_abkb_rom_U/q0[3]_i_2_n_0
                         LUT5 (Prop_lut5_I2_O)        0.116     2.497 r  add_table_V_U/calculate_value_abkb_rom_U/q0[5]_i_2/O
                         net (fo=3, unplaced)         0.467     2.964    add_table_V_U/calculate_value_abkb_rom_U/q0[5]_i_2_n_0
                         LUT5 (Prop_lut5_I2_O)        0.116     3.080 r  add_table_V_U/calculate_value_abkb_rom_U/q0[8]_i_2/O
                         net (fo=3, unplaced)         0.467     3.547    add_table_V_U/calculate_value_abkb_rom_U/q0[8]_i_2_n_0
                         LUT3 (Prop_lut3_I1_O)        0.124     3.671 r  add_table_V_U/calculate_value_abkb_rom_U/q0[6]_i_1/O
                         net (fo=1, unplaced)         0.000     3.671    add_table_V_U/calculate_value_abkb_rom_U/p_0_out[6]
                         FDRE                                         r  add_table_V_U/calculate_value_abkb_rom_U/q0_reg[6]/D
  -------------------------------------------------------------------    -------------------

                         (clock default rise edge)    0.000     0.000 r  
                                                      0.000     0.000 r  ap_clk (IN)
                         net (fo=0)                   0.000     0.000    ap_clk
                         IBUF (Prop_ibuf_I_O)         0.838     0.838 r  ap_clk_IBUF_inst/O
                         net (fo=1, unplaced)         0.760     1.598    ap_clk_IBUF
                         BUFG (Prop_bufg_I_O)         0.091     1.689 r  ap_clk_IBUF_BUFG_inst/O
                         net (fo=10, unplaced)        0.439     2.128    add_table_V_U/calculate_value_abkb_rom_U/clk
                         FDRE                                         r  add_table_V_U/calculate_value_abkb_rom_U/q0_reg[6]/C




