Copyright 1986-2020 Xilinx, Inc. All Rights Reserved.
----------------------------------------------------------------------------------------------------------------
| Tool Version : Vivado v.2020.1 (lin64) Build 2902540 Wed May 27 19:54:35 MDT 2020
| Date         : Wed May 28 19:06:03 2025
| Host         : cccad4.doc.ic.ac.uk running 64-bit CentOS Linux release 7.9.2009 (Core)
| Command      : report_timing -file /mnt/ccnas2/tdp/tr720/final-year-project-workspace/vivado_synth_timing.rpt
| Design       : calculate_value
| Device       : 7z020-clg400
| Speed File   : -1  PRODUCTION 1.12 2019-11-22
----------------------------------------------------------------------------------------------------------------

Timing Report

Slack:                    inf
  Source:                 in1_0_V[1]
                            (input port)
  Destination:            add_table_V_U/calculate_value_abkb_rom_U/q0_reg[3]/D
                            (rising edge-triggered cell FDRE clocked by default  {rise@0.000ns fall@5.000ns period=10.000ns})
  Path Group:             (none)
  Path Type:              Setup (Max at Slow Process Corner)
  Data Path Delay:        2.505ns  (logic 1.246ns (49.720%)  route 1.260ns (50.280%))
  Logic Levels:           3  (IBUF=1 LUT4=1 LUT5=1)
  Clock Path Skew:        2.128ns (DCD - SCD + CPR)
    Destination Clock Delay (DCD):    2.128ns
    Source Clock Delay      (SCD):    0.000ns
    Clock Pessimism Removal (CPR):    0.000ns

    Location             Delay type                Incr(ns)  Path(ns)    Netlist Resource(s)
  -------------------------------------------------------------------    -------------------
                                                      0.000     0.000 f  in1_0_V[1] (IN)
                         net (fo=0)                   0.000     0.000    in1_0_V[1]
                         IBUF (Prop_ibuf_I_O)         0.972     0.972 f  in1_0_V_IBUF[1]_inst/O
                         net (fo=3, unplaced)         0.800     1.771    add_table_V_U/calculate_value_abkb_rom_U/in1_0_V_IBUF[1]
                         LUT4 (Prop_lut4_I2_O)        0.150     1.921 r  add_table_V_U/calculate_value_abkb_rom_U/q0[4]_i_2/O
                         net (fo=2, unplaced)         0.460     2.381    add_table_V_U/calculate_value_abkb_rom_U/q0[4]_i_2_n_0
                         LUT5 (Prop_lut5_I3_O)        0.124     2.505 r  add_table_V_U/calculate_value_abkb_rom_U/q0[3]_i_1/O
                         net (fo=1, unplaced)         0.000     2.505    add_table_V_U/calculate_value_abkb_rom_U/p_0_out[3]
                         FDRE                                         r  add_table_V_U/calculate_value_abkb_rom_U/q0_reg[3]/D
  -------------------------------------------------------------------    -------------------

                         (clock default rise edge)    0.000     0.000 r  
                                                      0.000     0.000 r  ap_clk (IN)
                         net (fo=0)                   0.000     0.000    ap_clk
                         IBUF (Prop_ibuf_I_O)         0.838     0.838 r  ap_clk_IBUF_inst/O
                         net (fo=1, unplaced)         0.760     1.598    ap_clk_IBUF
                         BUFG (Prop_bufg_I_O)         0.091     1.689 r  ap_clk_IBUF_BUFG_inst/O
                         net (fo=6, unplaced)         0.439     2.128    add_table_V_U/calculate_value_abkb_rom_U/ap_clk_IBUF_BUFG
                         FDRE                                         r  add_table_V_U/calculate_value_abkb_rom_U/q0_reg[3]/C




