Copyright 1986-2020 Xilinx, Inc. All Rights Reserved.
----------------------------------------------------------------------------------------------------------------
| Tool Version : Vivado v.2020.1 (lin64) Build 2902540 Wed May 27 19:54:35 MDT 2020
| Date         : Thu May 29 12:57:32 2025
| Host         : cccad4.doc.ic.ac.uk running 64-bit CentOS Linux release 7.9.2009 (Core)
| Command      : report_timing -file /mnt/ccnas2/tdp/tr720/final-year-project-workspace/vivado_synth_timing.rpt
| Design       : calculate_value
| Device       : 7z020-clg400
| Speed File   : -1  PRODUCTION 1.12 2019-11-22
----------------------------------------------------------------------------------------------------------------

Timing Report

Slack:                    inf
  Source:                 in1_0_V[1]
                            (input port)
  Destination:            result_0_V[3]
                            (output port)
  Path Group:             (none)
  Path Type:              Max at Slow Process Corner
  Data Path Delay:        5.914ns  (logic 3.854ns (65.175%)  route 2.059ns (34.825%))
  Logic Levels:           4  (IBUF=1 LUT3=1 LUT6=1 OBUF=1)

    Location             Delay type                Incr(ns)  Path(ns)    Netlist Resource(s)
  -------------------------------------------------------------------    -------------------
                                                      0.000     0.000 r  in1_0_V[1] (IN)
                         net (fo=0)                   0.000     0.000    in1_0_V[1]
                         IBUF (Prop_ibuf_I_O)         0.972     0.972 r  in1_0_V_IBUF[1]_inst/O
                         net (fo=3, unplaced)         0.800     1.771    in1_0_V_IBUF[1]
                         LUT6 (Prop_lut6_I5_O)        0.124     1.895 r  result_0_V_OBUF[4]_inst_i_2/O
                         net (fo=2, unplaced)         0.460     2.355    result_0_V_OBUF[4]_inst_i_2_n_0
                         LUT3 (Prop_lut3_I0_O)        0.124     2.479 r  result_0_V_OBUF[3]_inst_i_1/O
                         net (fo=1, unplaced)         0.800     3.279    result_0_V_OBUF[3]
                         OBUF (Prop_obuf_I_O)         2.634     5.914 r  result_0_V_OBUF[3]_inst/O
                         net (fo=0)                   0.000     5.914    result_0_V[3]
                                                                      r  result_0_V[3] (OUT)
  -------------------------------------------------------------------    -------------------




