

================================================================
== Vivado HLS Report for 'calculate_value'
================================================================
* Date:           Tue May 27 22:36:15 2025

* Version:        2020.1 (Build 2897737 on Wed May 27 20:21:37 MDT 2020)
* Project:        design_exploration_hls_prj
* Solution:       solution1
* Product family: zynq
* Target device:  xc7z020-clg400-1


================================================================
== Performance Estimates
================================================================
+ Timing: 
    * Summary: 
    +--------+----------+----------+------------+
    |  Clock |  Target  | Estimated| Uncertainty|
    +--------+----------+----------+------------+
    |ap_clk  | 10.00 ns | 4.232 ns |   1.25 ns  |
    +--------+----------+----------+------------+

+ Latency: 
    * Summary: 
    +---------+---------+-----------+-----------+-----+-----+----------+
    |  Latency (cycles) |   Latency (absolute)  |  Interval | Pipeline |
    |   min   |   max   |    min    |    max    | min | max |   Type   |
    +---------+---------+-----------+-----------+-----+-----+----------+
    |        3|        3| 30.000 ns | 30.000 ns |    3|    3| function |
    +---------+---------+-----------+-----------+-----+-----+----------+

    + Detail: 
        * Instance: 
        N/A

        * Loop: 
        N/A



================================================================
== Utilization Estimates
================================================================
* Summary: 
+-----------------+---------+-------+--------+-------+-----+
|       Name      | BRAM_18K| DSP48E|   FF   |  LUT  | URAM|
+-----------------+---------+-------+--------+-------+-----+
|DSP              |        -|      -|       -|      -|    -|
|Expression       |        -|      -|       0|    118|    -|
|FIFO             |        -|      -|       -|      -|    -|
|Instance         |        -|      -|       -|      -|    -|
|Memory           |        1|      -|       0|      0|    -|
|Multiplexer      |        -|      -|       -|     60|    -|
|Register         |        -|      -|       8|      -|    -|
+-----------------+---------+-------+--------+-------+-----+
|Total            |        1|      0|       8|    178|    0|
+-----------------+---------+-------+--------+-------+-----+
|Available        |      280|    220|  106400|  53200|    0|
+-----------------+---------+-------+--------+-------+-----+
|Utilization (%)  |    ~0   |      0|   ~0   |   ~0  |    0|
+-----------------+---------+-------+--------+-------+-----+

+ Detail: 
    * Instance: 
    N/A

    * DSP48E: 
    N/A

    * Memory: 
    +-----------------+----------------------+---------+---+----+-----+------+-----+------+-------------+
    |      Memory     |        Module        | BRAM_18K| FF| LUT| URAM| Words| Bits| Banks| W*Bits*Banks|
    +-----------------+----------------------+---------+---+----+-----+------+-----+------+-------------+
    |mul_table_V_0_U  |calculate_value_mbkb  |        1|  0|   0|    0|     2|    1|     1|            2|
    +-----------------+----------------------+---------+---+----+-----+------+-----+------+-------------+
    |Total            |                      |        1|  0|   0|    0|     2|    1|     1|            2|
    +-----------------+----------------------+---------+---+----+-----+------+-----+------+-------------+

    * FIFO: 
    N/A

    * Expression: 
    +---------------------------+----------+-------+---+----+------------+------------+
    |       Variable Name       | Operation| DSP48E| FF| LUT| Bitwidth P0| Bitwidth P1|
    +---------------------------+----------+-------+---+----+------------+------------+
    |add_ln16_1_fu_209_p2       |     +    |      0|  0|  10|           2|           1|
    |add_ln16_2_fu_264_p2       |     +    |      0|  0|  10|           2|           1|
    |add_ln16_fu_154_p2         |     +    |      0|  0|  10|           2|           1|
    |and_ln16_1_fu_240_p2       |    and   |      0|  0|   2|           1|           1|
    |and_ln16_2_fu_295_p2       |    and   |      0|  0|   2|           1|           1|
    |and_ln16_fu_185_p2         |    and   |      0|  0|   2|           1|           1|
    |ap_block_pp0_stage0_01001  |    and   |      0|  0|   2|           1|           1|
    |icmp_ln16_1_fu_179_p2      |   icmp   |      0|  0|   8|           2|           1|
    |icmp_ln16_2_fu_223_p2      |   icmp   |      0|  0|   8|           2|           2|
    |icmp_ln16_3_fu_234_p2      |   icmp   |      0|  0|   8|           2|           1|
    |icmp_ln16_4_fu_278_p2      |   icmp   |      0|  0|   8|           2|           2|
    |icmp_ln16_5_fu_289_p2      |   icmp   |      0|  0|   8|           2|           1|
    |icmp_ln16_6_fu_148_p2      |   icmp   |      0|  0|   8|           2|           2|
    |icmp_ln16_7_fu_203_p2      |   icmp   |      0|  0|   8|           2|           2|
    |icmp_ln16_8_fu_258_p2      |   icmp   |      0|  0|   8|           2|           2|
    |icmp_ln16_fu_168_p2        |   icmp   |      0|  0|   8|           2|           2|
    |select_ln16_1_fu_215_p3    |  select  |      0|  0|   2|           1|           2|
    |select_ln16_2_fu_270_p3    |  select  |      0|  0|   2|           1|           2|
    |select_ln16_fu_160_p3      |  select  |      0|  0|   2|           1|           2|
    |ap_enable_pp0              |    xor   |      0|  0|   2|           1|           2|
    +---------------------------+----------+-------+---+----+------------+------------+
    |Total                      |          |      0|  0| 118|          32|          30|
    +---------------------------+----------+-------+---+----+------------+------------+

    * Multiplexer: 
    +-------------------------+----+-----------+-----+-----------+
    |           Name          | LUT| Input Size| Bits| Total Bits|
    +-------------------------+----+-----------+-----+-----------+
    |ap_NS_fsm                |  21|          4|    1|          4|
    |ap_enable_reg_pp0_iter0  |   9|          2|    1|          2|
    |ap_enable_reg_pp0_iter1  |   9|          2|    1|          2|
    |mul_table_V_0_address0   |  21|          4|    1|          4|
    +-------------------------+----+-----------+-----+-----------+
    |Total                    |  60|         12|    4|         12|
    +-------------------------+----+-----------+-----+-----------+

    * Register: 
    +-----------------------------+---+----+-----+-----------+
    |             Name            | FF| LUT| Bits| Const Bits|
    +-----------------------------+---+----+-----+-----------+
    |ap_CS_fsm                    |  3|   0|    3|          0|
    |ap_enable_reg_pp0_iter0_reg  |  1|   0|    1|          0|
    |ap_enable_reg_pp0_iter1      |  1|   0|    1|          0|
    |icmp_ln16_1_reg_310          |  1|   0|    1|          0|
    |icmp_ln16_3_reg_320          |  1|   0|    1|          0|
    |icmp_ln16_5_reg_330          |  1|   0|    1|          0|
    +-----------------------------+---+----+-----+-----------+
    |Total                        |  8|   0|    8|          0|
    +-----------------------------+---+----+-----+-----------+



================================================================
== Interface
================================================================
* Summary: 
+-------------------+-----+-----+------------+-----------------+--------------+
|     RTL Ports     | Dir | Bits|  Protocol  |  Source Object  |    C Type    |
+-------------------+-----+-----+------------+-----------------+--------------+
|ap_clk             |  in |    1| ap_ctrl_hs | calculate_value | return value |
|ap_rst             |  in |    1| ap_ctrl_hs | calculate_value | return value |
|ap_start           |  in |    1| ap_ctrl_hs | calculate_value | return value |
|ap_done            | out |    1| ap_ctrl_hs | calculate_value | return value |
|ap_idle            | out |    1| ap_ctrl_hs | calculate_value | return value |
|ap_ready           | out |    1| ap_ctrl_hs | calculate_value | return value |
|weights_0_V        |  in |    1|   ap_none  |   weights_0_V   |    pointer   |
|weights_1_V        |  in |    1|   ap_none  |   weights_1_V   |    pointer   |
|weights_2_V        |  in |    1|   ap_none  |   weights_2_V   |    pointer   |
|prev_in_0_V        |  in |    1|   ap_none  |   prev_in_0_V   |    pointer   |
|prev_in_1_V        |  in |    1|   ap_none  |   prev_in_1_V   |    pointer   |
|prev_in_2_V        |  in |    1|   ap_none  |   prev_in_2_V   |    pointer   |
|result_0_V         | out |    2|   ap_vld   |    result_0_V   |    pointer   |
|result_0_V_ap_vld  | out |    1|   ap_vld   |    result_0_V   |    pointer   |
|result_1_V         | out |    2|   ap_vld   |    result_1_V   |    pointer   |
|result_1_V_ap_vld  | out |    1|   ap_vld   |    result_1_V   |    pointer   |
|result_2_V         | out |    2|   ap_vld   |    result_2_V   |    pointer   |
|result_2_V_ap_vld  | out |    1|   ap_vld   |    result_2_V   |    pointer   |
+-------------------+-----+-----+------------+-----------------+--------------+

