

================================================================
== Vivado HLS Report for 'calculate_value'
================================================================
* Date:           Tue May 27 23:54:38 2025

* Version:        2020.1 (Build 2897737 on Wed May 27 20:21:37 MDT 2020)
* Project:        design_exploration_hls_prj
* Solution:       solution1
* Product family: zynq
* Target device:  xc7z020-clg400-1


================================================================
== Performance Estimates
================================================================
+ Timing: 
    * Summary: 
    +--------+----------+----------+------------+
    |  Clock |  Target  | Estimated| Uncertainty|
    +--------+----------+----------+------------+
    |ap_clk  | 10.00 ns | 6.380 ns |   1.25 ns  |
    +--------+----------+----------+------------+

+ Latency: 
    * Summary: 
    +---------+---------+----------+----------+-----+-----+----------+
    |  Latency (cycles) |  Latency (absolute) |  Interval | Pipeline |
    |   min   |   max   |    min   |    max   | min | max |   Type   |
    +---------+---------+----------+----------+-----+-----+----------+
    |       20|       20| 0.200 us | 0.200 us |    2|    2| function |
    +---------+---------+----------+----------+-----+-----+----------+

    + Detail: 
        * Instance: 
        N/A

        * Loop: 
        N/A



================================================================
== Utilization Estimates
================================================================
* Summary: 
+-----------------+---------+-------+--------+-------+-----+
|       Name      | BRAM_18K| DSP48E|   FF   |  LUT  | URAM|
+-----------------+---------+-------+--------+-------+-----+
|DSP              |        -|      3|       -|      -|    -|
|Expression       |        -|      -|       0|    148|    -|
|FIFO             |        -|      -|       -|      -|    -|
|Instance         |        -|      -|    1905|   1461|    -|
|Memory           |       96|      -|       0|      0|    -|
|Multiplexer      |        -|      -|       -|     78|    -|
|Register         |        0|      -|     353|     96|    -|
+-----------------+---------+-------+--------+-------+-----+
|Total            |       96|      3|    2258|   1783|    0|
+-----------------+---------+-------+--------+-------+-----+
|Available        |      280|    220|  106400|  53200|    0|
+-----------------+---------+-------+--------+-------+-----+
|Utilization (%)  |       34|      1|       2|      3|    0|
+-----------------+---------+-------+--------+-------+-----+

+ Detail: 
    * Instance: 
    +-------------------------+----------------------+---------+-------+-----+-----+-----+
    |         Instance        |        Module        | BRAM_18K| DSP48E|  FF | LUT | URAM|
    +-------------------------+----------------------+---------+-------+-----+-----+-----+
    |calculate_value_ueOg_U1  |calculate_value_ueOg  |        0|      0|  635|  487|    0|
    |calculate_value_ueOg_U2  |calculate_value_ueOg  |        0|      0|  635|  487|    0|
    |calculate_value_ueOg_U3  |calculate_value_ueOg  |        0|      0|  635|  487|    0|
    +-------------------------+----------------------+---------+-------+-----+-----+-----+
    |Total                    |                      |        0|      0| 1905| 1461|    0|
    +-------------------------+----------------------+---------+-------+-----+-----+-----+

    * DSP48E: 
    +-------------------------+----------------------+-----------+
    |         Instance        |        Module        | Expression|
    +-------------------------+----------------------+-----------+
    |calculate_value_mfYi_U4  |calculate_value_mfYi  |  i0 * i1  |
    |calculate_value_mfYi_U5  |calculate_value_mfYi  |  i0 * i1  |
    |calculate_value_mfYi_U6  |calculate_value_mfYi  |  i0 * i1  |
    +-------------------------+----------------------+-----------+

    * Memory: 
    +-----------------+----------------------+---------+---+----+-----+-------+-----+------+-------------+
    |      Memory     |        Module        | BRAM_18K| FF| LUT| URAM| Words | Bits| Banks| W*Bits*Banks|
    +-----------------+----------------------+---------+---+----+-----+-------+-----+------+-------------+
    |mul_table_V_2_U  |calculate_value_mbkb  |       32|  0|   0|    0|  21845|   16|     1|       349520|
    |mul_table_V_0_U  |calculate_value_mcud  |       32|  0|   0|    0|  21846|   16|     1|       349536|
    |mul_table_V_1_U  |calculate_value_mdEe  |       32|  0|   0|    0|  21845|   16|     1|       349520|
    +-----------------+----------------------+---------+---+----+-----+-------+-----+------+-------------+
    |Total            |                      |       96|  0|   0|    0|  65536|   48|     3|      1048576|
    +-----------------+----------------------+---------+---+----+-----+-------+-----+------+-------------+

    * FIFO: 
    N/A

    * Expression: 
    +---------------------------+----------+-------+---+----+------------+------------+
    |       Variable Name       | Operation| DSP48E| FF| LUT| Bitwidth P0| Bitwidth P1|
    +---------------------------+----------+-------+---+----+------------+------------+
    |ap_block_pp0_stage0_01001  |    and   |      0|  0|   2|           1|           1|
    |icmp_ln22_1_fu_335_p2      |   icmp   |      0|  0|   8|           2|           1|
    |icmp_ln22_2_fu_353_p2      |   icmp   |      0|  0|   8|           2|           1|
    |icmp_ln22_3_fu_367_p2      |   icmp   |      0|  0|   8|           2|           1|
    |icmp_ln22_4_fu_386_p2      |   icmp   |      0|  0|   8|           2|           1|
    |icmp_ln22_5_fu_398_p2      |   icmp   |      0|  0|   8|           2|           1|
    |icmp_ln22_fu_321_p2        |   icmp   |      0|  0|   8|           2|           1|
    |result_0_V                 |  select  |      0|  0|  16|           1|          16|
    |result_1_V                 |  select  |      0|  0|  16|           1|          16|
    |result_2_V                 |  select  |      0|  0|  16|           1|          16|
    |select_ln22_2_fu_359_p3    |  select  |      0|  0|  16|           1|          16|
    |select_ln22_4_fu_392_p3    |  select  |      0|  0|  16|           1|          16|
    |select_ln22_fu_327_p3      |  select  |      0|  0|  16|           1|          16|
    |ap_enable_pp0              |    xor   |      0|  0|   2|           1|           2|
    +---------------------------+----------+-------+---+----+------------+------------+
    |Total                      |          |      0|  0| 148|          20|         105|
    +---------------------------+----------+-------+---+----+------------+------------+

    * Multiplexer: 
    +--------------------------+----+-----------+-----+-----------+
    |           Name           | LUT| Input Size| Bits| Total Bits|
    +--------------------------+----+-----------+-----+-----------+
    |ap_NS_fsm                 |  15|          3|    1|          3|
    |ap_enable_reg_pp0_iter0   |   9|          2|    1|          2|
    |ap_enable_reg_pp0_iter10  |   9|          2|    1|          2|
    |mul_table_V_0_address0    |  15|          3|   15|         45|
    |mul_table_V_1_address0    |  15|          3|   15|         45|
    |mul_table_V_2_address0    |  15|          3|   15|         45|
    +--------------------------+----+-----------+-----+-----------+
    |Total                     |  78|         16|   48|        142|
    +--------------------------+----+-----------+-----+-----------+

    * Register: 
    +------------------------------+----+----+-----+-----------+
    |             Name             | FF | LUT| Bits| Const Bits|
    +------------------------------+----+----+-----+-----------+
    |ap_CS_fsm                     |   2|   0|    2|          0|
    |ap_enable_reg_pp0_iter0_reg   |   1|   0|    1|          0|
    |ap_enable_reg_pp0_iter1       |   1|   0|    1|          0|
    |ap_enable_reg_pp0_iter10      |   1|   0|    1|          0|
    |ap_enable_reg_pp0_iter2       |   1|   0|    1|          0|
    |ap_enable_reg_pp0_iter3       |   1|   0|    1|          0|
    |ap_enable_reg_pp0_iter4       |   1|   0|    1|          0|
    |ap_enable_reg_pp0_iter5       |   1|   0|    1|          0|
    |ap_enable_reg_pp0_iter6       |   1|   0|    1|          0|
    |ap_enable_reg_pp0_iter7       |   1|   0|    1|          0|
    |ap_enable_reg_pp0_iter8       |   1|   0|    1|          0|
    |ap_enable_reg_pp0_iter9       |   1|   0|    1|          0|
    |mul_table_V_0_load_2_reg_526  |  16|   0|   16|          0|
    |mul_table_V_1_load_2_reg_531  |  16|   0|   16|          0|
    |mul_table_V_2_load_2_reg_521  |  16|   0|   16|          0|
    |ret_V_1_reg_439               |  16|   0|   16|          0|
    |ret_V_2_reg_445               |  16|   0|   16|          0|
    |ret_V_reg_433                 |  16|   0|   16|          0|
    |udiv_ln22_1_reg_461           |  16|   0|   16|          0|
    |udiv_ln22_2_reg_451           |  16|   0|   16|          0|
    |udiv_ln_reg_456               |  16|   0|   16|          0|
    |urem_ln22_1_reg_501           |   2|   0|    2|          0|
    |urem_ln22_reg_481             |   2|   0|    2|          0|
    |ret_V_1_reg_439               |  64|  32|   16|          0|
    |ret_V_2_reg_445               |  64|  32|   16|          0|
    |ret_V_reg_433                 |  64|  32|   16|          0|
    +------------------------------+----+----+-----+-----------+
    |Total                         | 353|  96|  209|          0|
    +------------------------------+----+----+-----+-----------+



================================================================
== Interface
================================================================
* Summary: 
+-------------------+-----+-----+------------+-----------------+--------------+
|     RTL Ports     | Dir | Bits|  Protocol  |  Source Object  |    C Type    |
+-------------------+-----+-----+------------+-----------------+--------------+
|ap_clk             |  in |    1| ap_ctrl_hs | calculate_value | return value |
|ap_rst             |  in |    1| ap_ctrl_hs | calculate_value | return value |
|ap_start           |  in |    1| ap_ctrl_hs | calculate_value | return value |
|ap_done            | out |    1| ap_ctrl_hs | calculate_value | return value |
|ap_idle            | out |    1| ap_ctrl_hs | calculate_value | return value |
|ap_ready           | out |    1| ap_ctrl_hs | calculate_value | return value |
|weights_0_V        |  in |    8|   ap_none  |   weights_0_V   |    pointer   |
|weights_1_V        |  in |    8|   ap_none  |   weights_1_V   |    pointer   |
|weights_2_V        |  in |    8|   ap_none  |   weights_2_V   |    pointer   |
|prev_in_0_V        |  in |    8|   ap_none  |   prev_in_0_V   |    pointer   |
|prev_in_1_V        |  in |    8|   ap_none  |   prev_in_1_V   |    pointer   |
|prev_in_2_V        |  in |    8|   ap_none  |   prev_in_2_V   |    pointer   |
|result_0_V         | out |   16|   ap_vld   |    result_0_V   |    pointer   |
|result_0_V_ap_vld  | out |    1|   ap_vld   |    result_0_V   |    pointer   |
|result_1_V         | out |   16|   ap_vld   |    result_1_V   |    pointer   |
|result_1_V_ap_vld  | out |    1|   ap_vld   |    result_1_V   |    pointer   |
|result_2_V         | out |   16|   ap_vld   |    result_2_V   |    pointer   |
|result_2_V_ap_vld  | out |    1|   ap_vld   |    result_2_V   |    pointer   |
+-------------------+-----+-----+------------+-----------------+--------------+

