

================================================================
== Vivado HLS Report for 'calculate_value'
================================================================
* Date:           Tue May 27 23:02:46 2025

* Version:        2020.1 (Build 2897737 on Wed May 27 20:21:37 MDT 2020)
* Project:        design_exploration_hls_prj
* Solution:       solution1
* Product family: zynq
* Target device:  xc7z020-clg400-1


================================================================
== Performance Estimates
================================================================
+ Timing: 
    * Summary: 
    +--------+----------+----------+------------+
    |  Clock |  Target  | Estimated| Uncertainty|
    +--------+----------+----------+------------+
    |ap_clk  | 10.00 ns | 7.424 ns |   1.25 ns  |
    +--------+----------+----------+------------+

+ Latency: 
    * Summary: 
    +---------+---------+----------+----------+-----+-----+----------+
    |  Latency (cycles) |  Latency (absolute) |  Interval | Pipeline |
    |   min   |   max   |    min   |    max   | min | max |   Type   |
    +---------+---------+----------+----------+-----+-----+----------+
    |       11|       11| 0.110 us | 0.110 us |    3|    3| function |
    +---------+---------+----------+----------+-----+-----+----------+

    + Detail: 
        * Instance: 
        N/A

        * Loop: 
        N/A



================================================================
== Utilization Estimates
================================================================
* Summary: 
+-----------------+---------+-------+--------+-------+-----+
|       Name      | BRAM_18K| DSP48E|   FF   |  LUT  | URAM|
+-----------------+---------+-------+--------+-------+-----+
|DSP              |        -|      -|       -|      -|    -|
|Expression       |        -|      0|       0|    187|    -|
|FIFO             |        -|      -|       -|      -|    -|
|Instance         |        -|      -|     390|    237|    -|
|Memory           |        3|      -|       0|      0|    -|
|Multiplexer      |        -|      -|       -|     93|    -|
|Register         |        0|      -|     239|     96|    -|
+-----------------+---------+-------+--------+-------+-----+
|Total            |        3|      0|     629|    613|    0|
+-----------------+---------+-------+--------+-------+-----+
|Available        |      280|    220|  106400|  53200|    0|
+-----------------+---------+-------+--------+-------+-----+
|Utilization (%)  |        1|      0|   ~0   |      1|    0|
+-----------------+---------+-------+--------+-------+-----+

+ Detail: 
    * Instance: 
    +-------------------------+----------------------+---------+-------+-----+----+-----+
    |         Instance        |        Module        | BRAM_18K| DSP48E|  FF | LUT| URAM|
    +-------------------------+----------------------+---------+-------+-----+----+-----+
    |calculate_value_ueOg_U1  |calculate_value_ueOg  |        0|      0|  130|  79|    0|
    |calculate_value_ueOg_U2  |calculate_value_ueOg  |        0|      0|  130|  79|    0|
    |calculate_value_ueOg_U3  |calculate_value_ueOg  |        0|      0|  130|  79|    0|
    +-------------------------+----------------------+---------+-------+-----+----+-----+
    |Total                    |                      |        0|      0|  390| 237|    0|
    +-------------------------+----------------------+---------+-------+-----+----+-----+

    * DSP48E: 
    N/A

    * Memory: 
    +-----------------+----------------------+---------+---+----+-----+------+-----+------+-------------+
    |      Memory     |        Module        | BRAM_18K| FF| LUT| URAM| Words| Bits| Banks| W*Bits*Banks|
    +-----------------+----------------------+---------+---+----+-----+------+-----+------+-------------+
    |mul_table_V_2_U  |calculate_value_mbkb  |        1|  0|   0|    0|    21|    6|     1|          126|
    |mul_table_V_0_U  |calculate_value_mcud  |        1|  0|   0|    0|    22|    6|     1|          132|
    |mul_table_V_1_U  |calculate_value_mdEe  |        1|  0|   0|    0|    21|    6|     1|          126|
    +-----------------+----------------------+---------+---+----+-----+------+-----+------+-------------+
    |Total            |                      |        3|  0|   0|    0|    64|   18|     3|          384|
    +-----------------+----------------------+---------+---+----+-----+------+-----+------+-------------+

    * FIFO: 
    N/A

    * Expression: 
    +---------------------------+----------+-------+---+----+------------+------------+
    |       Variable Name       | Operation| DSP48E| FF| LUT| Bitwidth P0| Bitwidth P1|
    +---------------------------+----------+-------+---+----+------------+------------+
    |mul_ln16_1_fu_339_p2       |     *    |      0|  0|  33|           7|           6|
    |mul_ln16_2_fu_255_p2       |     *    |      0|  0|  33|           7|           6|
    |mul_ln16_fu_281_p2         |     *    |      0|  0|  33|           7|           6|
    |ap_block_pp0_stage0_11001  |    and   |      0|  0|   2|           1|           1|
    |icmp_ln16_1_fu_321_p2      |   icmp   |      0|  0|   8|           2|           1|
    |icmp_ln16_2_fu_365_p2      |   icmp   |      0|  0|   8|           2|           1|
    |icmp_ln16_3_fu_379_p2      |   icmp   |      0|  0|   8|           2|           1|
    |icmp_ln16_4_fu_398_p2      |   icmp   |      0|  0|   8|           2|           1|
    |icmp_ln16_5_fu_410_p2      |   icmp   |      0|  0|   8|           2|           1|
    |icmp_ln16_fu_307_p2        |   icmp   |      0|  0|   8|           2|           1|
    |result_0_V                 |  select  |      0|  0|   6|           1|           6|
    |result_1_V                 |  select  |      0|  0|   6|           1|           6|
    |result_2_V                 |  select  |      0|  0|   6|           1|           6|
    |select_ln16_2_fu_371_p3    |  select  |      0|  0|   6|           1|           6|
    |select_ln16_4_fu_404_p3    |  select  |      0|  0|   6|           1|           6|
    |select_ln16_fu_313_p3      |  select  |      0|  0|   6|           1|           6|
    |ap_enable_pp0              |    xor   |      0|  0|   2|           1|           2|
    +---------------------------+----------+-------+---+----+------------+------------+
    |Total                      |          |      0|  0| 187|          41|          63|
    +---------------------------+----------+-------+---+----+------------+------------+

    * Multiplexer: 
    +-------------------------+----+-----------+-----+-----------+
    |           Name          | LUT| Input Size| Bits| Total Bits|
    +-------------------------+----+-----------+-----+-----------+
    |ap_NS_fsm                |  21|          4|    1|          4|
    |ap_enable_reg_pp0_iter0  |   9|          2|    1|          2|
    |mul_table_V_0_address0   |  21|          4|    5|         20|
    |mul_table_V_1_address0   |  21|          4|    5|         20|
    |mul_table_V_2_address0   |  21|          4|    5|         20|
    +-------------------------+----+-----------+-----+-----------+
    |Total                    |  93|         18|   17|         66|
    +-------------------------+----+-----------+-----+-----------+

    * Register: 
    +------------------------------+----+----+-----+-----------+
    |             Name             | FF | LUT| Bits| Const Bits|
    +------------------------------+----+----+-----+-----------+
    |ap_CS_fsm                     |   3|   0|    3|          0|
    |ap_enable_reg_pp0_iter0_reg   |   1|   0|    1|          0|
    |ap_enable_reg_pp0_iter1       |   1|   0|    1|          0|
    |ap_enable_reg_pp0_iter2       |   1|   0|    1|          0|
    |ap_enable_reg_pp0_iter3       |   1|   0|    1|          0|
    |mul_table_V_0_load_2_reg_482  |   6|   0|    6|          0|
    |mul_table_V_1_load_2_reg_487  |   6|   0|    6|          0|
    |mul_table_V_2_load_2_reg_477  |   6|   0|    6|          0|
    |ret_V_1_reg_430               |   6|   0|    6|          0|
    |ret_V_2_reg_436               |   6|   0|    6|          0|
    |ret_V_reg_424                 |   6|   0|    6|          0|
    |urem_ln16_1_reg_492           |   2|   0|    2|          0|
    |urem_ln16_reg_457             |   2|   0|    2|          0|
    |ret_V_1_reg_430               |  64|  32|    6|          0|
    |ret_V_2_reg_436               |  64|  32|    6|          0|
    |ret_V_reg_424                 |  64|  32|    6|          0|
    +------------------------------+----+----+-----+-----------+
    |Total                         | 239|  96|   65|          0|
    +------------------------------+----+----+-----+-----------+



================================================================
== Interface
================================================================
* Summary: 
+-------------------+-----+-----+------------+-----------------+--------------+
|     RTL Ports     | Dir | Bits|  Protocol  |  Source Object  |    C Type    |
+-------------------+-----+-----+------------+-----------------+--------------+
|ap_clk             |  in |    1| ap_ctrl_hs | calculate_value | return value |
|ap_rst             |  in |    1| ap_ctrl_hs | calculate_value | return value |
|ap_start           |  in |    1| ap_ctrl_hs | calculate_value | return value |
|ap_done            | out |    1| ap_ctrl_hs | calculate_value | return value |
|ap_idle            | out |    1| ap_ctrl_hs | calculate_value | return value |
|ap_ready           | out |    1| ap_ctrl_hs | calculate_value | return value |
|weights_0_V        |  in |    3|   ap_none  |   weights_0_V   |    pointer   |
|weights_1_V        |  in |    3|   ap_none  |   weights_1_V   |    pointer   |
|weights_2_V        |  in |    3|   ap_none  |   weights_2_V   |    pointer   |
|prev_in_0_V        |  in |    3|   ap_none  |   prev_in_0_V   |    pointer   |
|prev_in_1_V        |  in |    3|   ap_none  |   prev_in_1_V   |    pointer   |
|prev_in_2_V        |  in |    3|   ap_none  |   prev_in_2_V   |    pointer   |
|result_0_V         | out |    6|   ap_vld   |    result_0_V   |    pointer   |
|result_0_V_ap_vld  | out |    1|   ap_vld   |    result_0_V   |    pointer   |
|result_1_V         | out |    6|   ap_vld   |    result_1_V   |    pointer   |
|result_1_V_ap_vld  | out |    1|   ap_vld   |    result_1_V   |    pointer   |
|result_2_V         | out |    6|   ap_vld   |    result_2_V   |    pointer   |
|result_2_V_ap_vld  | out |    1|   ap_vld   |    result_2_V   |    pointer   |
+-------------------+-----+-----+------------+-----------------+--------------+

