

================================================================
== Vivado HLS Report for 'calculate_value'
================================================================
* Date:           Tue May 27 23:47:48 2025

* Version:        2020.1 (Build 2897737 on Wed May 27 20:21:37 MDT 2020)
* Project:        design_exploration_hls_prj
* Solution:       solution1
* Product family: zynq
* Target device:  xc7z020-clg400-1


================================================================
== Performance Estimates
================================================================
+ Timing: 
    * Summary: 
    +--------+----------+----------+------------+
    |  Clock |  Target  | Estimated| Uncertainty|
    +--------+----------+----------+------------+
    |ap_clk  | 10.00 ns | 6.380 ns |   1.25 ns  |
    +--------+----------+----------+------------+

+ Latency: 
    * Summary: 
    +---------+---------+----------+----------+-----+-----+----------+
    |  Latency (cycles) |  Latency (absolute) |  Interval | Pipeline |
    |   min   |   max   |    min   |    max   | min | max |   Type   |
    +---------+---------+----------+----------+-----+-----+----------+
    |       21|       21| 0.210 us | 0.210 us |    3|    3| function |
    +---------+---------+----------+----------+-----+-----+----------+

    + Detail: 
        * Instance: 
        N/A

        * Loop: 
        N/A



================================================================
== Utilization Estimates
================================================================
* Summary: 
+-----------------+---------+-------+--------+-------+-----+
|       Name      | BRAM_18K| DSP48E|   FF   |  LUT  | URAM|
+-----------------+---------+-------+--------+-------+-----+
|DSP              |        -|      3|       -|      -|    -|
|Expression       |        -|      -|       0|    148|    -|
|FIFO             |        -|      -|       -|      -|    -|
|Instance         |        -|      -|    1905|   1461|    -|
|Memory           |       96|      -|       0|      0|    -|
|Multiplexer      |        -|      -|       -|    102|    -|
|Register         |        0|      -|     351|     96|    -|
+-----------------+---------+-------+--------+-------+-----+
|Total            |       96|      3|    2256|   1807|    0|
+-----------------+---------+-------+--------+-------+-----+
|Available        |      280|    220|  106400|  53200|    0|
+-----------------+---------+-------+--------+-------+-----+
|Utilization (%)  |       34|      1|       2|      3|    0|
+-----------------+---------+-------+--------+-------+-----+

+ Detail: 
    * Instance: 
    +-------------------------+----------------------+---------+-------+-----+-----+-----+
    |         Instance        |        Module        | BRAM_18K| DSP48E|  FF | LUT | URAM|
    +-------------------------+----------------------+---------+-------+-----+-----+-----+
    |calculate_value_ueOg_U1  |calculate_value_ueOg  |        0|      0|  635|  487|    0|
    |calculate_value_ueOg_U2  |calculate_value_ueOg  |        0|      0|  635|  487|    0|
    |calculate_value_ueOg_U3  |calculate_value_ueOg  |        0|      0|  635|  487|    0|
    +-------------------------+----------------------+---------+-------+-----+-----+-----+
    |Total                    |                      |        0|      0| 1905| 1461|    0|
    +-------------------------+----------------------+---------+-------+-----+-----+-----+

    * DSP48E: 
    +-------------------------+----------------------+-----------+
    |         Instance        |        Module        | Expression|
    +-------------------------+----------------------+-----------+
    |calculate_value_mfYi_U4  |calculate_value_mfYi  |  i0 * i1  |
    |calculate_value_mfYi_U5  |calculate_value_mfYi  |  i0 * i1  |
    |calculate_value_mfYi_U6  |calculate_value_mfYi  |  i0 * i1  |
    +-------------------------+----------------------+-----------+

    * Memory: 
    +-----------------+----------------------+---------+---+----+-----+-------+-----+------+-------------+
    |      Memory     |        Module        | BRAM_18K| FF| LUT| URAM| Words | Bits| Banks| W*Bits*Banks|
    +-----------------+----------------------+---------+---+----+-----+-------+-----+------+-------------+
    |mul_table_V_2_U  |calculate_value_mbkb  |       32|  0|   0|    0|  21845|   16|     1|       349520|
    |mul_table_V_0_U  |calculate_value_mcud  |       32|  0|   0|    0|  21846|   16|     1|       349536|
    |mul_table_V_1_U  |calculate_value_mdEe  |       32|  0|   0|    0|  21845|   16|     1|       349520|
    +-----------------+----------------------+---------+---+----+-----+-------+-----+------+-------------+
    |Total            |                      |       96|  0|   0|    0|  65536|   48|     3|      1048576|
    +-----------------+----------------------+---------+---+----+-----+-------+-----+------+-------------+

    * FIFO: 
    N/A

    * Expression: 
    +---------------------------+----------+-------+---+----+------------+------------+
    |       Variable Name       | Operation| DSP48E| FF| LUT| Bitwidth P0| Bitwidth P1|
    +---------------------------+----------+-------+---+----+------------+------------+
    |ap_block_pp0_stage0_01001  |    and   |      0|  0|   2|           1|           1|
    |icmp_ln16_1_fu_317_p2      |   icmp   |      0|  0|   8|           2|           1|
    |icmp_ln16_2_fu_341_p2      |   icmp   |      0|  0|   8|           2|           1|
    |icmp_ln16_3_fu_355_p2      |   icmp   |      0|  0|   8|           2|           1|
    |icmp_ln16_4_fu_374_p2      |   icmp   |      0|  0|   8|           2|           1|
    |icmp_ln16_5_fu_386_p2      |   icmp   |      0|  0|   8|           2|           1|
    |icmp_ln16_fu_303_p2        |   icmp   |      0|  0|   8|           2|           1|
    |result_0_V                 |  select  |      0|  0|  16|           1|          16|
    |result_1_V                 |  select  |      0|  0|  16|           1|          16|
    |result_2_V                 |  select  |      0|  0|  16|           1|          16|
    |select_ln16_2_fu_347_p3    |  select  |      0|  0|  16|           1|          16|
    |select_ln16_4_fu_380_p3    |  select  |      0|  0|  16|           1|          16|
    |select_ln16_fu_309_p3      |  select  |      0|  0|  16|           1|          16|
    |ap_enable_pp0              |    xor   |      0|  0|   2|           1|           2|
    +---------------------------+----------+-------+---+----+------------+------------+
    |Total                      |          |      0|  0| 148|          20|         105|
    +---------------------------+----------+-------+---+----+------------+------------+

    * Multiplexer: 
    +-------------------------+----+-----------+-----+-----------+
    |           Name          | LUT| Input Size| Bits| Total Bits|
    +-------------------------+----+-----------+-----+-----------+
    |ap_NS_fsm                |  21|          4|    1|          4|
    |ap_enable_reg_pp0_iter0  |   9|          2|    1|          2|
    |ap_enable_reg_pp0_iter7  |   9|          2|    1|          2|
    |mul_table_V_0_address0   |  21|          4|   15|         60|
    |mul_table_V_1_address0   |  21|          4|   15|         60|
    |mul_table_V_2_address0   |  21|          4|   15|         60|
    +-------------------------+----+-----------+-----+-----------+
    |Total                    | 102|         20|   48|        188|
    +-------------------------+----+-----------+-----+-----------+

    * Register: 
    +------------------------------+----+----+-----+-----------+
    |             Name             | FF | LUT| Bits| Const Bits|
    +------------------------------+----+----+-----+-----------+
    |ap_CS_fsm                     |   3|   0|    3|          0|
    |ap_enable_reg_pp0_iter0_reg   |   1|   0|    1|          0|
    |ap_enable_reg_pp0_iter1       |   1|   0|    1|          0|
    |ap_enable_reg_pp0_iter2       |   1|   0|    1|          0|
    |ap_enable_reg_pp0_iter3       |   1|   0|    1|          0|
    |ap_enable_reg_pp0_iter4       |   1|   0|    1|          0|
    |ap_enable_reg_pp0_iter5       |   1|   0|    1|          0|
    |ap_enable_reg_pp0_iter6       |   1|   0|    1|          0|
    |ap_enable_reg_pp0_iter7       |   1|   0|    1|          0|
    |mul_table_V_0_load_2_reg_494  |  16|   0|   16|          0|
    |mul_table_V_1_load_2_reg_499  |  16|   0|   16|          0|
    |mul_table_V_2_load_2_reg_489  |  16|   0|   16|          0|
    |ret_V_1_reg_427               |  16|   0|   16|          0|
    |ret_V_2_reg_433               |  16|   0|   16|          0|
    |ret_V_reg_421                 |  16|   0|   16|          0|
    |udiv_ln16_1_reg_484           |  16|   0|   16|          0|
    |udiv_ln16_2_reg_439           |  16|   0|   16|          0|
    |udiv_ln_reg_444               |  16|   0|   16|          0|
    |urem_ln16_1_reg_504           |   2|   0|    2|          0|
    |urem_ln16_reg_464             |   2|   0|    2|          0|
    |ret_V_1_reg_427               |  64|  32|   16|          0|
    |ret_V_2_reg_433               |  64|  32|   16|          0|
    |ret_V_reg_421                 |  64|  32|   16|          0|
    +------------------------------+----+----+-----+-----------+
    |Total                         | 351|  96|  207|          0|
    +------------------------------+----+----+-----+-----------+



================================================================
== Interface
================================================================
* Summary: 
+-------------------+-----+-----+------------+-----------------+--------------+
|     RTL Ports     | Dir | Bits|  Protocol  |  Source Object  |    C Type    |
+-------------------+-----+-----+------------+-----------------+--------------+
|ap_clk             |  in |    1| ap_ctrl_hs | calculate_value | return value |
|ap_rst             |  in |    1| ap_ctrl_hs | calculate_value | return value |
|ap_start           |  in |    1| ap_ctrl_hs | calculate_value | return value |
|ap_done            | out |    1| ap_ctrl_hs | calculate_value | return value |
|ap_idle            | out |    1| ap_ctrl_hs | calculate_value | return value |
|ap_ready           | out |    1| ap_ctrl_hs | calculate_value | return value |
|weights_0_V        |  in |    8|   ap_none  |   weights_0_V   |    pointer   |
|weights_1_V        |  in |    8|   ap_none  |   weights_1_V   |    pointer   |
|weights_2_V        |  in |    8|   ap_none  |   weights_2_V   |    pointer   |
|prev_in_0_V        |  in |    8|   ap_none  |   prev_in_0_V   |    pointer   |
|prev_in_1_V        |  in |    8|   ap_none  |   prev_in_1_V   |    pointer   |
|prev_in_2_V        |  in |    8|   ap_none  |   prev_in_2_V   |    pointer   |
|result_0_V         | out |   16|   ap_vld   |    result_0_V   |    pointer   |
|result_0_V_ap_vld  | out |    1|   ap_vld   |    result_0_V   |    pointer   |
|result_1_V         | out |   16|   ap_vld   |    result_1_V   |    pointer   |
|result_1_V_ap_vld  | out |    1|   ap_vld   |    result_1_V   |    pointer   |
|result_2_V         | out |   16|   ap_vld   |    result_2_V   |    pointer   |
|result_2_V_ap_vld  | out |    1|   ap_vld   |    result_2_V   |    pointer   |
+-------------------+-----+-----+------------+-----------------+--------------+

